<?xml version="1.0" encoding="UTF-8"?>
<testng-results skipped="0" failed="0" ignored="0" total="1" passed="1">
  <reporter-output>
  </reporter-output>
  <suite name="LoginTest" duration-ms="1603" started-at="2020-12-07T06:24:07 IST" finished-at="2020-12-07T06:24:08 IST">
    <groups>
    </groups>
    <test name="Command line test" duration-ms="1603" started-at="2020-12-07T06:24:07 IST" finished-at="2020-12-07T06:24:08 IST">
      <class name="LoginTest">
        <test-method status="PASS" signature="setUp()[pri:0, instance:LoginTest@57fffcd7]" name="setUp" is-config="true" duration-ms="5781" started-at="2020-12-07T06:24:01 IST" finished-at="2020-12-07T06:24:07 IST">
          <reporter-output>
          </reporter-output>
        </test-method> <!-- setUp -->
        <test-method status="PASS" signature="doLogin()[pri:0, instance:LoginTest@57fffcd7]" name="doLogin" duration-ms="1554" started-at="2020-12-07T06:24:07 IST" finished-at="2020-12-07T06:24:08 IST">
          <reporter-output>
          </reporter-output>
        </test-method> <!-- doLogin -->
        <test-method status="PASS" signature="tearDown()[pri:0, instance:LoginTest@57fffcd7]" name="tearDown" is-config="true" duration-ms="713" started-at="2020-12-07T06:24:08 IST" finished-at="2020-12-07T06:24:09 IST">
          <reporter-output>
          </reporter-output>
        </test-method> <!-- tearDown -->
      </class> <!-- LoginTest -->
    </test> <!-- Command line test -->
  </suite> <!-- LoginTest -->
</testng-results>
