<?xml version="1.0" encoding="UTF-8"?>
<testng-results skipped="0" failed="0" ignored="0" total="1" passed="1">
  <reporter-output>
  </reporter-output>
  <suite name="Default suite" duration-ms="1315" started-at="2020-12-07T14:31:20 IST" finished-at="2020-12-07T14:31:21 IST">
    <groups>
    </groups>
    <test name="Default test" duration-ms="1315" started-at="2020-12-07T14:31:20 IST" finished-at="2020-12-07T14:31:21 IST">
      <class name="LoginTest">
        <test-method status="PASS" signature="setUp()[pri:0, instance:LoginTest@2d6eabae]" name="setUp" is-config="true" duration-ms="4504" started-at="2020-12-07T14:31:16 IST" finished-at="2020-12-07T14:31:20 IST">
          <reporter-output>
          </reporter-output>
        </test-method> <!-- setUp -->
        <test-method status="PASS" signature="doLogin()[pri:0, instance:LoginTest@2d6eabae]" name="doLogin" duration-ms="1271" started-at="2020-12-07T14:31:20 IST" finished-at="2020-12-07T14:31:21 IST">
          <reporter-output>
          </reporter-output>
        </test-method> <!-- doLogin -->
        <test-method status="PASS" signature="tearDown()[pri:0, instance:LoginTest@2d6eabae]" name="tearDown" is-config="true" duration-ms="790" started-at="2020-12-07T14:31:22 IST" finished-at="2020-12-07T14:31:22 IST">
          <reporter-output>
          </reporter-output>
        </test-method> <!-- tearDown -->
      </class> <!-- LoginTest -->
    </test> <!-- Default test -->
  </suite> <!-- Default suite -->
</testng-results>
